[debug] [2022-03-15T02:58:26.627Z] ----------------------------------------------------------------------
[debug] [2022-03-15T02:58:26.628Z] Command:       /Users/kojiromaruyama/.nodebrew/node/v17.7.1/bin/node /Users/kojiromaruyama/.nodebrew/current/bin/firebase init
[debug] [2022-03-15T02:58:26.628Z] CLI Version:   10.2.2
[debug] [2022-03-15T02:58:26.629Z] Platform:      darwin
[debug] [2022-03-15T02:58:26.629Z] Node Version:  v17.7.1
[debug] [2022-03-15T02:58:26.638Z] Time:          Tue Mar 15 2022 11:58:26 GMT+0900 (日本標準時)
[debug] [2022-03-15T02:58:26.638Z] ----------------------------------------------------------------------
[debug] 
[debug] [2022-03-15T02:58:26.687Z] > command requires scopes: ["email","openid","https://www.googleapis.com/auth/cloudplatformprojects.readonly","https://www.googleapis.com/auth/firebase","https://www.googleapis.com/auth/cloud-platform"]
[debug] [2022-03-15T02:58:26.688Z] > authorizing via signed-in user (blackvual@gmail.com)
[info] 
     ######## #### ########  ######## ########     ###     ######  ########
     ##        ##  ##     ## ##       ##     ##  ##   ##  ##       ##
     ######    ##  ########  ######   ########  #########  ######  ######
     ##        ##  ##    ##  ##       ##     ## ##     ##       ## ##
     ##       #### ##     ## ######## ########  ##     ##  ######  ########

You're about to initialize a Firebase project in this directory:

  /Users/kojiromaruyama

Before we get started, keep in mind:

  * You are initializing within an existing Firebase project directory

[debug] [2022-03-15T02:58:35.698Z] Error: setRawMode EINTR
    at ReadStream.setRawMode (node:tty:77:31)
    at Interface.[_setRawMode] [as _setRawMode] (node:internal/readline/interface:379:18)
    at Interface.close (node:internal/readline/interface:526:24)
    at ReadStream.ontermend (node:internal/readline/interface:265:10)
    at ReadStream.emit (node:events:539:35)
    at ReadStream.emit (node:domain:475:12)
    at endReadableNT (node:internal/streams/readable:1342:12)
    at processTicksAndRejections (node:internal/process/task_queues:83:21)
[error] 
[error] Error: An unexpected error has occurred.
[debug] [2022-03-15T02:58:35.701Z] Error: write EIO
    at afterWriteDispatched (node:internal/stream_base_commons:160:15)
    at writeGeneric (node:internal/stream_base_commons:151:3)
    at WriteStream.Socket._writeGeneric (node:net:817:11)
    at WriteStream.Socket._write (node:net:829:8)
    at writeOrBuffer (node:internal/streams/writable:390:12)
    at _write (node:internal/streams/writable:331:10)
    at WriteStream.Writable.write (node:internal/streams/writable:335:10)
    at Console.log (/Users/kojiromaruyama/.nodebrew/node/v17.7.1/lib/node_modules/firebase-tools/node_modules/winston/lib/winston/transports/console.js:79:23)
    at Console._write (/Users/kojiromaruyama/.nodebrew/node/v17.7.1/lib/node_modules/firebase-tools/node_modules/winston-transport/index.js:103:17)
    at doWrite (/Users/kojiromaruyama/.nodebrew/node/v17.7.1/lib/node_modules/firebase-tools/node_modules/winston-transport/node_modules/readable-stream/lib/_stream_writable.js:428:64)
    at writeOrBuffer (/Users/kojiromaruyama/.nodebrew/node/v17.7.1/lib/node_modules/firebase-tools/node_modules/winston-transport/node_modules/readable-stream/lib/_stream_writable.js:417:5)
    at Console.Writable.write (/Users/kojiromaruyama/.nodebrew/node/v17.7.1/lib/node_modules/firebase-tools/node_modules/winston-transport/node_modules/readable-stream/lib/_stream_writable.js:334:11)
    at DerivedLogger.ondata (/Users/kojiromaruyama/.nodebrew/node/v17.7.1/lib/node_modules/firebase-tools/node_modules/readable-stream/lib/_stream_readable.js:681:20)
    at DerivedLogger.emit (node:events:539:35)
    at DerivedLogger.emit (node:domain:475:12)
    at addChunk (/Users/kojiromaruyama/.nodebrew/node/v17.7.1/lib/node_modules/firebase-tools/node_modules/readable-stream/lib/_stream_readable.js:298:12)
[error] 
[error] Error: An unexpected error has occurred.
[debug] [2022-03-15T02:58:35.701Z] Error: write EIO
    at afterWriteDispatched (node:internal/stream_base_commons:160:15)
    at writeGeneric (node:internal/stream_base_commons:151:3)
    at WriteStream.Socket._writeGeneric (node:net:817:11)
    at WriteStream.Socket._write (node:net:829:8)
    at writeOrBuffer (node:internal/streams/writable:390:12)
    at _write (node:internal/streams/writable:331:10)
    at WriteStream.Writable.write (node:internal/streams/writable:335:10)
    at Console.log (/Users/kojiromaruyama/.nodebrew/node/v17.7.1/lib/node_modules/firebase-tools/node_modules/winston/lib/winston/transports/console.js:79:23)
    at Console._write (/Users/kojiromaruyama/.nodebrew/node/v17.7.1/lib/node_modules/firebase-tools/node_modules/winston-transport/index.js:103:17)
    at doWrite (/Users/kojiromaruyama/.nodebrew/node/v17.7.1/lib/node_modules/firebase-tools/node_modules/winston-transport/node_modules/readable-stream/lib/_stream_writable.js:428:64)
    at writeOrBuffer (/Users/kojiromaruyama/.nodebrew/node/v17.7.1/lib/node_modules/firebase-tools/node_modules/winston-transport/node_modules/readable-stream/lib/_stream_writable.js:417:5)
    at Console.Writable.write (/Users/kojiromaruyama/.nodebrew/node/v17.7.1/lib/node_modules/firebase-tools/node_modules/winston-transport/node_modules/readable-stream/lib/_stream_writable.js:334:11)
    at DerivedLogger.ondata (/Users/kojiromaruyama/.nodebrew/node/v17.7.1/lib/node_modules/firebase-tools/node_modules/readable-stream/lib/_stream_readable.js:681:20)
    at DerivedLogger.emit (node:events:539:35)
    at DerivedLogger.emit (node:domain:475:12)
    at addChunk (/Users/kojiromaruyama/.nodebrew/node/v17.7.1/lib/node_modules/firebase-tools/node_modules/readable-stream/lib/_stream_readable.js:298:12)
[error] 
[error] Error: An unexpected error has occurred.
[debug] [2022-03-15T02:58:35.702Z] Error: write EIO
    at afterWriteDispatched (node:internal/stream_base_commons:160:15)
    at writeGeneric (node:internal/stream_base_commons:151:3)
    at WriteStream.Socket._writeGeneric (node:net:817:11)
    at WriteStream.Socket._write (node:net:829:8)
    at writeOrBuffer (node:internal/streams/writable:390:12)
    at _write (node:internal/streams/writable:331:10)
    at WriteStream.Writable.write (node:internal/streams/writable:335:10)
    at Console.log (/Users/kojiromaruyama/.nodebrew/node/v17.7.1/lib/node_modules/firebase-tools/node_modules/winston/lib/winston/transports/console.js:79:23)
    at Console._write (/Users/kojiromaruyama/.nodebrew/node/v17.7.1/lib/node_modules/firebase-tools/node_modules/winston-transport/index.js:103:17)
    at doWrite (/Users/kojiromaruyama/.nodebrew/node/v17.7.1/lib/node_modules/firebase-tools/node_modules/winston-transport/node_modules/readable-stream/lib/_stream_writable.js:428:64)
    at writeOrBuffer (/Users/kojiromaruyama/.nodebrew/node/v17.7.1/lib/node_modules/firebase-tools/node_modules/winston-transport/node_modules/readable-stream/lib/_stream_writable.js:417:5)
    at Console.Writable.write (/Users/kojiromaruyama/.nodebrew/node/v17.7.1/lib/node_modules/firebase-tools/node_modules/winston-transport/node_modules/readable-stream/lib/_stream_writable.js:334:11)
    at DerivedLogger.ondata (/Users/kojiromaruyama/.nodebrew/node/v17.7.1/lib/node_modules/firebase-tools/node_modules/readable-stream/lib/_stream_readable.js:681:20)
    at DerivedLogger.emit (node:events:539:35)
    at DerivedLogger.emit (node:domain:475:12)
    at addChunk (/Users/kojiromaruyama/.nodebrew/node/v17.7.1/lib/node_modules/firebase-tools/node_modules/readable-stream/lib/_stream_readable.js:298:12)
[error] 
[error] Error: An unexpected error has occurred.
[debug] [2022-03-15T02:58:35.702Z] Error: write EIO
    at afterWriteDispatched (node:internal/stream_base_commons:160:15)
    at writeGeneric (node:internal/stream_base_commons:151:3)
    at WriteStream.Socket._writeGeneric (node:net:817:11)
    at WriteStream.Socket._write (node:net:829:8)
    at writeOrBuffer (node:internal/streams/writable:390:12)
    at _write (node:internal/streams/writable:331:10)
    at WriteStream.Writable.write (node:internal/streams/writable:335:10)
    at Console.log (/Users/kojiromaruyama/.nodebrew/node/v17.7.1/lib/node_modules/firebase-tools/node_modules/winston/lib/winston/transports/console.js:79:23)
    at Console._write (/Users/kojiromaruyama/.nodebrew/node/v17.7.1/lib/node_modules/firebase-tools/node_modules/winston-transport/index.js:103:17)
    at doWrite (/Users/kojiromaruyama/.nodebrew/node/v17.7.1/lib/node_modules/firebase-tools/node_modules/winston-transport/node_modules/readable-stream/lib/_stream_writable.js:428:64)
    at writeOrBuffer (/Users/kojiromaruyama/.nodebrew/node/v17.7.1/lib/node_modules/firebase-tools/node_modules/winston-transport/node_modules/readable-stream/lib/_stream_writable.js:417:5)
    at Console.Writable.write (/Users/kojiromaruyama/.nodebrew/node/v17.7.1/lib/node_modules/firebase-tools/node_modules/winston-transport/node_modules/readable-stream/lib/_stream_writable.js:334:11)
    at DerivedLogger.ondata (/Users/kojiromaruyama/.nodebrew/node/v17.7.1/lib/node_modules/firebase-tools/node_modules/readable-stream/lib/_stream_readable.js:681:20)
    at DerivedLogger.emit (node:events:539:35)
    at DerivedLogger.emit (node:domain:475:12)
    at addChunk (/Users/kojiromaruyama/.nodebrew/node/v17.7.1/lib/node_modules/firebase-tools/node_modules/readable-stream/lib/_stream_readable.js:298:12)
[error] 
[error] Error: An unexpected error has occurred.
[debug] [2022-03-15T02:58:35.703Z] Error: write EIO
    at afterWriteDispatched (node:internal/stream_base_commons:160:15)
    at writeGeneric (node:internal/stream_base_commons:151:3)
    at WriteStream.Socket._writeGeneric (node:net:817:11)
    at WriteStream.Socket._write (node:net:829:8)
    at writeOrBuffer (node:internal/streams/writable:390:12)
    at _write (node:internal/streams/writable:331:10)
    at WriteStream.Writable.write (node:internal/streams/writable:335:10)
    at Console.log (/Users/kojiromaruyama/.nodebrew/node/v17.7.1/lib/node_modules/firebase-tools/node_modules/winston/lib/winston/transports/console.js:79:23)
    at Console._write (/Users/kojiromaruyama/.nodebrew/node/v17.7.1/lib/node_modules/firebase-tools/node_modules/winston-transport/index.js:103:17)
    at doWrite (/Users/kojiromaruyama/.nodebrew/node/v17.7.1/lib/node_modules/firebase-tools/node_modules/winston-transport/node_modules/readable-stream/lib/_stream_writable.js:428:64)
    at writeOrBuffer (/Users/kojiromaruyama/.nodebrew/node/v17.7.1/lib/node_modules/firebase-tools/node_modules/winston-transport/node_modules/readable-stream/lib/_stream_writable.js:417:5)
    at Console.Writable.write (/Users/kojiromaruyama/.nodebrew/node/v17.7.1/lib/node_modules/firebase-tools/node_modules/winston-transport/node_modules/readable-stream/lib/_stream_writable.js:334:11)
    at DerivedLogger.ondata (/Users/kojiromaruyama/.nodebrew/node/v17.7.1/lib/node_modules/firebase-tools/node_modules/readable-stream/lib/_stream_readable.js:681:20)
    at DerivedLogger.emit (node:events:539:35)
    at DerivedLogger.emit (node:domain:475:12)
    at addChunk (/Users/kojiromaruyama/.nodebrew/node/v17.7.1/lib/node_modules/firebase-tools/node_modules/readable-stream/lib/_stream_readable.js:298:12)
[error] 
[error] Error: An unexpected error has occurred.
[debug] [2022-03-15T02:58:35.704Z] Error: write EIO
    at afterWriteDispatched (node:internal/stream_base_commons:160:15)
    at writeGeneric (node:internal/stream_base_commons:151:3)
    at WriteStream.Socket._writeGeneric (node:net:817:11)
    at WriteStream.Socket._write (node:net:829:8)
    at writeOrBuffer (node:internal/streams/writable:390:12)
    at _write (node:internal/streams/writable:331:10)
    at WriteStream.Writable.write (node:internal/streams/writable:335:10)
    at Console.log (/Users/kojiromaruyama/.nodebrew/node/v17.7.1/lib/node_modules/firebase-tools/node_modules/winston/lib/winston/transports/console.js:79:23)
    at Console._write (/Users/kojiromaruyama/.nodebrew/node/v17.7.1/lib/node_modules/firebase-tools/node_modules/winston-transport/index.js:103:17)
    at doWrite (/Users/kojiromaruyama/.nodebrew/node/v17.7.1/lib/node_modules/firebase-tools/node_modules/winston-transport/node_modules/readable-stream/lib/_stream_writable.js:428:64)
    at writeOrBuffer (/Users/kojiromaruyama/.nodebrew/node/v17.7.1/lib/node_modules/firebase-tools/node_modules/winston-transport/node_modules/readable-stream/lib/_stream_writable.js:417:5)
    at Console.Writable.write (/Users/kojiromaruyama/.nodebrew/node/v17.7.1/lib/node_modules/firebase-tools/node_modules/winston-transport/node_modules/readable-stream/lib/_stream_writable.js:334:11)
    at DerivedLogger.ondata (/Users/kojiromaruyama/.nodebrew/node/v17.7.1/lib/node_modules/firebase-tools/node_modules/readable-stream/lib/_stream_readable.js:681:20)
    at DerivedLogger.emit (node:events:539:35)
    at DerivedLogger.emit (node:domain:475:12)
    at addChunk (/Users/kojiromaruyama/.nodebrew/node/v17.7.1/lib/node_modules/firebase-tools/node_modules/readable-stream/lib/_stream_readable.js:298:12)
[error] 
[error] Error: An unexpected error has occurred.
[debug] [2022-03-15T02:58:35.704Z] Error: write EIO
    at afterWriteDispatched (node:internal/stream_base_commons:160:15)
    at writeGeneric (node:internal/stream_base_commons:151:3)
    at WriteStream.Socket._writeGeneric (node:net:817:11)
    at WriteStream.Socket._write (node:net:829:8)
    at writeOrBuffer (node:internal/streams/writable:390:12)
    at _write (node:internal/streams/writable:331:10)
    at WriteStream.Writable.write (node:internal/streams/writable:335:10)
    at Console.log (/Users/kojiromaruyama/.nodebrew/node/v17.7.1/lib/node_modules/firebase-tools/node_modules/winston/lib/winston/transports/console.js:79:23)
    at Console._write (/Users/kojiromaruyama/.nodebrew/node/v17.7.1/lib/node_modules/firebase-tools/node_modules/winston-transport/index.js:103:17)
    at doWrite (/Users/kojiromaruyama/.nodebrew/node/v17.7.1/lib/node_modules/firebase-tools/node_modules/winston-transport/node_modules/readable-stream/lib/_stream_writable.js:428:64)
    at writeOrBuffer (/Users/kojiromaruyama/.nodebrew/node/v17.7.1/lib/node_modules/firebase-tools/node_modules/winston-transport/node_modules/readable-stream/lib/_stream_writable.js:417:5)
    at Console.Writable.write (/Users/kojiromaruyama/.nodebrew/node/v17.7.1/lib/node_modules/firebase-tools/node_modules/winston-transport/node_modules/readable-stream/lib/_stream_writable.js:334:11)
    at DerivedLogger.ondata (/Users/kojiromaruyama/.nodebrew/node/v17.7.1/lib/node_modules/firebase-tools/node_modules/readable-stream/lib/_stream_readable.js:681:20)
    at DerivedLogger.emit (node:events:539:35)
    at DerivedLogger.emit (node:domain:475:12)
    at addChunk (/Users/kojiromaruyama/.nodebrew/node/v17.7.1/lib/node_modules/firebase-tools/node_modules/readable-stream/lib/_stream_readable.js:298:12)
[error] 
[error] Error: An unexpected error has occurred.
